<?xml version="1.0" encoding="UTF-8"?>
<testsuite name="concurrentStack.ConcurrentEliminationStackStressTest" tests="2" skipped="0" failures="0" errors="0" timestamp="2024-05-06T17:48:57" hostname="LAPTOP-5VDVR55T" time="76.053">
  <properties/>
  <testcase name="modelTest()" classname="concurrentStack.ConcurrentEliminationStackStressTest" time="49.963"/>
  <testcase name="stressTest()" classname="concurrentStack.ConcurrentEliminationStackStressTest" time="26.088"/>
  <system-out><![CDATA[]]></system-out>
  <system-err><![CDATA[]]></system-err>
</testsuite>
